<?xml version="1.0" encoding="UTF-8"?>
<testsuite name="domain.ArtistTest" tests="4" skipped="0" failures="0" errors="0" timestamp="2019-03-19T20:24:42" hostname="DESKTOP-NA7JB45" time="0.003">
  <properties/>
  <testcase name="getName" classname="domain.ArtistTest" time="0.002"/>
  <testcase name="getID" classname="domain.ArtistTest" time="0.0"/>
  <testcase name="setID" classname="domain.ArtistTest" time="0.0"/>
  <testcase name="setName" classname="domain.ArtistTest" time="0.0"/>
  <system-out><![CDATA[]]></system-out>
  <system-err><![CDATA[]]></system-err>
</testsuite>
