<?xml version="1.0" encoding="UTF-8"?>
<testsuite name="repo.ArtistDbRepoTest" tests="1" skipped="0" failures="0" errors="0" timestamp="2019-03-19T20:24:42" hostname="DESKTOP-NA7JB45" time="1.132">
  <properties/>
  <testcase name="findAll" classname="repo.ArtistDbRepoTest" time="1.132"/>
  <system-out><![CDATA[2019-03-19 22:24:43,292 Test worker DEBUG Initializing configuration XmlConfiguration[location=C:\Users\user\IdeaProjects\lab3mpp\build\resources\main\log4j2.xml]
2019-03-19 22:24:43,302 Test worker DEBUG Installed script engines
2019-03-19 22:24:43,599 Test worker DEBUG Oracle Nashorn Version: 10.0.2, Language: ECMAScript, Threading: Not Thread Safe, Compile: true, Names: {nashorn, Nashorn, js, JS, JavaScript, javascript, ECMAScript, ecmascript}
2019-03-19 22:24:43,600 Test worker DEBUG PluginManager 'Core' found 112 plugins
2019-03-19 22:24:43,600 Test worker DEBUG PluginManager 'Level' found 0 plugins
2019-03-19 22:24:43,605 Test worker DEBUG PluginManager 'Lookup' found 13 plugins
2019-03-19 22:24:43,607 Test worker DEBUG Building Plugin[name=layout, class=org.apache.logging.log4j.core.layout.PatternLayout].
2019-03-19 22:24:43,615 Test worker TRACE TypeConverterRegistry initializing.
2019-03-19 22:24:43,616 Test worker DEBUG PluginManager 'TypeConverter' found 26 plugins
2019-03-19 22:24:43,626 Test worker DEBUG PatternLayout$Builder(pattern="%d{DATE} %-5level %class{36} %L %M - %msg%n", PatternSelector=null, Configuration(C:\Users\user\IdeaProjects\lab3mpp\build\resources\main\log4j2.xml), Replace=null, charset="null", alwaysWriteExceptions="null", disableAnsi="null", noConsoleNoAnsi="null", header="null", footer="null")
2019-03-19 22:24:43,626 Test worker DEBUG PluginManager 'Converter' found 41 plugins
2019-03-19 22:24:43,643 Test worker DEBUG Building Plugin[name=appender, class=org.apache.logging.log4j.core.appender.FileAppender].
2019-03-19 22:24:43,651 Test worker DEBUG FileAppender$Builder(fileName="target/test.log", append="true", locking="null", advertise="null", advertiseUri="null", createOnDemand="null", bufferedIo="null", bufferSize="null", immediateFlush="null", ignoreExceptions="null", PatternLayout(%d{DATE} %-5level %class{36} %L %M - %msg%n), name="log", Configuration(C:\Users\user\IdeaProjects\lab3mpp\build\resources\main\log4j2.xml), Filter=null)
2019-03-19 22:24:43,654 Test worker DEBUG Starting FileManager target/test.log
2019-03-19 22:24:43,655 Test worker DEBUG Building Plugin[name=appenders, class=org.apache.logging.log4j.core.config.AppendersPlugin].
2019-03-19 22:24:43,656 Test worker DEBUG createAppenders(={log})
2019-03-19 22:24:43,656 Test worker DEBUG Building Plugin[name=AppenderRef, class=org.apache.logging.log4j.core.config.AppenderRef].
2019-03-19 22:24:43,661 Test worker DEBUG createAppenderRef(ref="log", level="null", Filter=null)
2019-03-19 22:24:43,661 Test worker DEBUG Building Plugin[name=AppenderRef, class=org.apache.logging.log4j.core.config.AppenderRef].
2019-03-19 22:24:43,662 Test worker DEBUG createAppenderRef(ref="Console", level="null", Filter=null)
2019-03-19 22:24:43,663 Test worker DEBUG Building Plugin[name=root, class=org.apache.logging.log4j.core.config.LoggerConfig$RootLogger].
2019-03-19 22:24:43,664 Test worker DEBUG createLogger(additivity="null", level="TRACE", includeLocation="null", ={log, Console}, ={}, Configuration(C:\Users\user\IdeaProjects\lab3mpp\build\resources\main\log4j2.xml), Filter=null)
2019-03-19 22:24:43,667 Test worker DEBUG Building Plugin[name=loggers, class=org.apache.logging.log4j.core.config.LoggersPlugin].
2019-03-19 22:24:43,668 Test worker DEBUG createLoggers(={root})
2019-03-19 22:24:43,669 Test worker ERROR Unable to locate appender "Console" for logger config "root"
2019-03-19 22:24:43,669 Test worker DEBUG Configuration XmlConfiguration[location=C:\Users\user\IdeaProjects\lab3mpp\build\resources\main\log4j2.xml] initialized
2019-03-19 22:24:43,670 Test worker DEBUG Starting configuration XmlConfiguration[location=C:\Users\user\IdeaProjects\lab3mpp\build\resources\main\log4j2.xml]
2019-03-19 22:24:43,670 Test worker DEBUG Started configuration XmlConfiguration[location=C:\Users\user\IdeaProjects\lab3mpp\build\resources\main\log4j2.xml] OK.
2019-03-19 22:24:43,671 Test worker TRACE Stopping org.apache.logging.log4j.core.config.DefaultConfiguration@11629bd8...
2019-03-19 22:24:43,671 Test worker TRACE DefaultConfiguration notified 1 ReliabilityStrategies that config will be stopped.
2019-03-19 22:24:43,672 Test worker TRACE DefaultConfiguration stopping root LoggerConfig.
2019-03-19 22:24:43,672 Test worker TRACE DefaultConfiguration notifying ReliabilityStrategies that appenders will be stopped.
2019-03-19 22:24:43,673 Test worker TRACE DefaultConfiguration stopping remaining Appenders.
2019-03-19 22:24:43,674 Test worker DEBUG Shutting down OutputStreamManager SYSTEM_OUT.false.false-1
2019-03-19 22:24:43,674 Test worker DEBUG Shut down OutputStreamManager SYSTEM_OUT.false.false-1, all resources released: true
2019-03-19 22:24:43,675 Test worker DEBUG Appender DefaultConsole-1 stopped with status true
2019-03-19 22:24:43,675 Test worker TRACE DefaultConfiguration stopped 1 remaining Appenders.
2019-03-19 22:24:43,676 Test worker TRACE DefaultConfiguration cleaning Appenders from 1 LoggerConfigs.
2019-03-19 22:24:43,676 Test worker DEBUG Stopped org.apache.logging.log4j.core.config.DefaultConfiguration@11629bd8 OK
2019-03-19 22:24:43,726 Test worker TRACE Reregistering MBeans after reconfigure. Selector=org.apache.logging.log4j.core.selector.ClassLoaderContextSelector@23c1c9a2
2019-03-19 22:24:43,727 Test worker TRACE Reregistering context (1/1): '5ef04b5' org.apache.logging.log4j.core.LoggerContext@1794dff3
2019-03-19 22:24:43,728 Test worker TRACE Unregistering but no MBeans found matching 'org.apache.logging.log4j2:type=5ef04b5'
2019-03-19 22:24:43,728 Test worker TRACE Unregistering but no MBeans found matching 'org.apache.logging.log4j2:type=5ef04b5,component=StatusLogger'
2019-03-19 22:24:43,729 Test worker TRACE Unregistering but no MBeans found matching 'org.apache.logging.log4j2:type=5ef04b5,component=ContextSelector'
2019-03-19 22:24:43,730 Test worker TRACE Unregistering but no MBeans found matching 'org.apache.logging.log4j2:type=5ef04b5,component=Loggers,name=*'
2019-03-19 22:24:43,730 Test worker TRACE Unregistering but no MBeans found matching 'org.apache.logging.log4j2:type=5ef04b5,component=Appenders,name=*'
2019-03-19 22:24:43,731 Test worker TRACE Unregistering but no MBeans found matching 'org.apache.logging.log4j2:type=5ef04b5,component=AsyncAppenders,name=*'
2019-03-19 22:24:43,731 Test worker TRACE Unregistering but no MBeans found matching 'org.apache.logging.log4j2:type=5ef04b5,component=AsyncLoggerRingBuffer'
2019-03-19 22:24:43,732 Test worker TRACE Unregistering but no MBeans found matching 'org.apache.logging.log4j2:type=5ef04b5,component=Loggers,name=*,subtype=RingBuffer'
2019-03-19 22:24:43,734 Test worker DEBUG Registering MBean org.apache.logging.log4j2:type=5ef04b5
2019-03-19 22:24:43,739 Test worker DEBUG Registering MBean org.apache.logging.log4j2:type=5ef04b5,component=StatusLogger
2019-03-19 22:24:43,741 Test worker DEBUG Registering MBean org.apache.logging.log4j2:type=5ef04b5,component=ContextSelector
2019-03-19 22:24:43,743 Test worker DEBUG Registering MBean org.apache.logging.log4j2:type=5ef04b5,component=Loggers,name=
2019-03-19 22:24:43,744 Test worker DEBUG Registering MBean org.apache.logging.log4j2:type=5ef04b5,component=Appenders,name=log
2019-03-19 22:24:43,747 Test worker TRACE Using default SystemClock for timestamps.
2019-03-19 22:24:43,747 Test worker TRACE Using DummyNanoClock for nanosecond timestamps.
2019-03-19 22:24:43,747 Test worker DEBUG Reconfiguration complete for context[name=5ef04b5] at URI C:\Users\user\IdeaProjects\lab3mpp\build\resources\main\log4j2.xml (org.apache.logging.log4j.core.LoggerContext@1794dff3) with optional ClassLoader: null
2019-03-19 22:24:43,748 Test worker DEBUG Shutdown hook enabled. Registering a new one.
2019-03-19 22:24:43,749 Test worker DEBUG LoggerContext[name=5ef04b5, org.apache.logging.log4j.core.LoggerContext@1794dff3] started OK.
]]></system-out>
  <system-err><![CDATA[]]></system-err>
</testsuite>
