<?xml version="1.0" encoding="UTF-8"?>
<testsuite name="repo.ShowDbRepoTest" tests="1" skipped="0" failures="0" errors="0" timestamp="2019-03-19T20:24:43" hostname="DESKTOP-NA7JB45" time="0.009">
  <properties/>
  <testcase name="findAll" classname="repo.ShowDbRepoTest" time="0.009"/>
  <system-out><![CDATA[]]></system-out>
  <system-err><![CDATA[]]></system-err>
</testsuite>
