<?xml version="1.0" encoding="UTF-8"?>
<testsuite name="domain.TicketTest" tests="6" skipped="0" failures="0" errors="0" timestamp="2019-03-19T20:24:42" hostname="DESKTOP-NA7JB45" time="0.003">
  <properties/>
  <testcase name="getPurchaser" classname="domain.TicketTest" time="0.0"/>
  <testcase name="setPurchaser" classname="domain.TicketTest" time="0.0"/>
  <testcase name="getShow" classname="domain.TicketTest" time="0.0"/>
  <testcase name="setArtist" classname="domain.TicketTest" time="0.001"/>
  <testcase name="getID" classname="domain.TicketTest" time="0.0"/>
  <testcase name="setID" classname="domain.TicketTest" time="0.0"/>
  <system-out><![CDATA[]]></system-out>
  <system-err><![CDATA[]]></system-err>
</testsuite>
