<?xml version="1.0" encoding="UTF-8"?>
<testsuite name="domain.EmployeeTest" tests="6" skipped="0" failures="0" errors="0" timestamp="2019-03-19T20:24:42" hostname="DESKTOP-NA7JB45" time="0.001">
  <properties/>
  <testcase name="setLocation" classname="domain.EmployeeTest" time="0.0"/>
  <testcase name="getLocation" classname="domain.EmployeeTest" time="0.0"/>
  <testcase name="getName" classname="domain.EmployeeTest" time="0.0"/>
  <testcase name="getID" classname="domain.EmployeeTest" time="0.0"/>
  <testcase name="setID" classname="domain.EmployeeTest" time="0.0"/>
  <testcase name="setName" classname="domain.EmployeeTest" time="0.0"/>
  <system-out><![CDATA[]]></system-out>
  <system-err><![CDATA[]]></system-err>
</testsuite>
